2022-12-25 17:17:05 | INFO | fairseq_cli.interactive | {'_name': None, 'common': {'_name': None, 'no_progress_bar': False, 'log_interval': 100, 'log_format': None, 'log_file': None, 'aim_repo': None, 'aim_run_hash': None, 'tensorboard_logdir': None, 'wandb_project': None, 'azureml_logging': False, 'seed': 1, 'cpu': False, 'tpu': False, 'bf16': False, 'memory_efficient_bf16': False, 'fp16': False, 'memory_efficient_fp16': False, 'fp16_no_flatten_grads': False, 'fp16_init_scale': 128, 'fp16_scale_window': None, 'fp16_scale_tolerance': 0.0, 'on_cpu_convert_precision': False, 'min_loss_scale': 0.0001, 'threshold_loss_scale': None, 'amp': False, 'amp_batch_retries': 2, 'amp_init_scale': 128, 'amp_scale_window': None, 'user_dir': None, 'empty_cache_freq': 0, 'all_gather_list_size': 16384, 'model_parallel_size': 1, 'quantization_config_path': None, 'profile': False, 'reset_logging': False, 'suppress_crashes': False, 'use_plasma_view': False, 'plasma_path': '/tmp/plasma'}, 'common_eval': {'_name': None, 'path': 'checkpoints//checkpoint_best.pt', 'post_process': 'subword_nmt', 'quiet': False, 'model_overrides': "{'beam':5}", 'results_path': None}, 'distributed_training': {'_name': None, 'distributed_world_size': 1, 'distributed_num_procs': 1, 'distributed_rank': 0, 'distributed_backend': 'nccl', 'distributed_init_method': None, 'distributed_port': -1, 'device_id': 0, 'distributed_no_spawn': False, 'ddp_backend': 'pytorch_ddp', 'ddp_comm_hook': 'none', 'bucket_cap_mb': 25, 'fix_batches_to_gpus': False, 'find_unused_parameters': False, 'gradient_as_bucket_view': False, 'fast_stat_sync': False, 'heartbeat_timeout': -1, 'broadcast_buffers': False, 'slowmo_momentum': None, 'slowmo_base_algorithm': 'localsgd', 'localsgd_frequency': 3, 'nprocs_per_node': 1, 'pipeline_model_parallel': False, 'pipeline_balance': None, 'pipeline_devices': None, 'pipeline_chunks': 0, 'pipeline_encoder_balance': None, 'pipeline_encoder_devices': None, 'pipeline_decoder_balance': None, 'pipeline_decoder_devices': None, 'pipeline_checkpoint': 'never', 'zero_sharding': 'none', 'fp16': False, 'memory_efficient_fp16': False, 'tpu': False, 'no_reshard_after_forward': False, 'fp32_reduce_scatter': False, 'cpu_offload': False, 'use_sharded_state': False, 'not_fsdp_flatten_parameters': False}, 'dataset': {'_name': None, 'num_workers': 1, 'skip_invalid_size_inputs_valid_test': False, 'max_tokens': None, 'batch_size': 1, 'required_batch_size_multiple': 8, 'required_seq_len_multiple': 1, 'dataset_impl': None, 'data_buffer_size': 10, 'train_subset': 'train', 'valid_subset': 'valid', 'combine_valid_subsets': None, 'ignore_unused_valid_subsets': False, 'validate_interval': 1, 'validate_interval_updates': 0, 'validate_after_updates': 0, 'fixed_validation_seed': None, 'disable_validation': False, 'max_tokens_valid': None, 'batch_size_valid': None, 'max_valid_steps': None, 'curriculum': 0, 'gen_subset': 'test', 'num_shards': 1, 'shard_id': 0, 'grouped_shuffling': False, 'update_epoch_batch_itr': False, 'update_ordered_indices_seed': False}, 'optimization': {'_name': None, 'max_epoch': 0, 'max_update': 0, 'stop_time_hours': 0.0, 'clip_norm': 0.0, 'sentence_avg': False, 'update_freq': [1], 'lr': [0.25], 'stop_min_lr': -1.0, 'use_bmuf': False, 'skip_remainder_batch': False}, 'checkpoint': {'_name': None, 'save_dir': 'checkpoints', 'restore_file': 'checkpoint_last.pt', 'continue_once': None, 'finetune_from_model': None, 'reset_dataloader': False, 'reset_lr_scheduler': False, 'reset_meters': False, 'reset_optimizer': False, 'optimizer_overrides': '{}', 'save_interval': 1, 'save_interval_updates': 0, 'keep_interval_updates': -1, 'keep_interval_updates_pattern': -1, 'keep_last_epochs': -1, 'keep_best_checkpoints': -1, 'no_save': False, 'no_epoch_checkpoints': False, 'no_last_checkpoints': False, 'no_save_optimizer_state': False, 'best_checkpoint_metric': 'loss', 'maximize_best_checkpoint_metric': False, 'patience': -1, 'checkpoint_suffix': '', 'checkpoint_shard_count': 1, 'load_checkpoint_on_all_dp_ranks': False, 'write_checkpoints_asynchronously': False, 'model_parallel_size': 1}, 'bmuf': {'_name': None, 'block_lr': 1.0, 'block_momentum': 0.875, 'global_sync_iter': 50, 'warmup_iterations': 500, 'use_nbm': False, 'average_sync': False, 'distributed_world_size': 1}, 'generation': {'_name': None, 'beam': 5, 'nbest': 1, 'max_len_a': 0.0, 'max_len_b': 200, 'min_len': 1, 'match_source_len': False, 'unnormalized': False, 'no_early_stop': False, 'no_beamable_mm': False, 'lenpen': 1.0, 'unkpen': 0.0, 'replace_unk': None, 'sacrebleu': False, 'score_reference': False, 'prefix_size': 0, 'no_repeat_ngram_size': 0, 'sampling': False, 'sampling_topk': -1, 'sampling_topp': -1.0, 'constraints': None, 'temperature': 1.0, 'diverse_beam_groups': -1, 'diverse_beam_strength': 0.5, 'diversity_rate': -1.0, 'print_alignment': None, 'print_step': False, 'lm_path': None, 'lm_weight': 0.0, 'iter_decode_eos_penalty': 0.0, 'iter_decode_max_iter': 10, 'iter_decode_force_max_iter': False, 'iter_decode_with_beam': 1, 'iter_decode_with_external_reranker': False, 'retain_iter_history': False, 'retain_dropout': False, 'retain_dropout_modules': None, 'decoding_format': None, 'no_seed_provided': False, 'eos_token': None}, 'eval_lm': {'_name': None, 'output_word_probs': False, 'output_word_stats': False, 'context_window': 0, 'softmax_batch': 9223372036854775807}, 'interactive': {'_name': None, 'buffer_size': 1, 'input': '././inference/flores/flores.en.bpe'}, 'model': None, 'task': {'_name': 'translation', 'data': 'bobdata/final_bin', 'source_lang': 'en', 'target_lang': 'hi', 'load_alignments': False, 'left_pad_source': True, 'left_pad_target': False, 'max_source_positions': 1024, 'max_target_positions': 1024, 'upsample_primary': -1, 'truncate_source': False, 'num_batch_buckets': 0, 'train_subset': 'train', 'dataset_impl': None, 'required_seq_len_multiple': 1, 'eval_bleu': False, 'eval_bleu_args': '{}', 'eval_bleu_detok': 'space', 'eval_bleu_detok_args': '{}', 'eval_tokenized_bleu': False, 'eval_bleu_remove_bpe': None, 'eval_bleu_print_samples': False, 'consnmt': True}, 'criterion': {'_name': 'cross_entropy', 'sentence_avg': True}, 'optimizer': None, 'lr_scheduler': {'_name': 'fixed', 'force_anneal': None, 'lr_shrink': 0.1, 'warmup_updates': 0, 'lr': [0.25]}, 'scoring': {'_name': 'bleu', 'pad': 1, 'eos': 2, 'unk': 3}, 'bpe': None, 'tokenizer': None, 'ema': {'_name': None, 'store_ema': False, 'ema_decay': 0.9999, 'ema_start_update': 0, 'ema_seed_model': None, 'ema_update_freq': 1, 'ema_fp32': False}}
2022-12-25 17:17:05 | INFO | fairseq.tasks.translation | [en] dictionary: 19184 types
2022-12-25 17:17:05 | INFO | fairseq.tasks.translation | [hi] dictionary: 33048 types
2022-12-25 17:17:05 | INFO | fairseq_cli.interactive | loading model(s) from checkpoints//checkpoint_best.pt
2022-12-25 17:17:17 | INFO | fairseq_cli.interactive | NOTE: hypothesis and token scores are output in base 2
2022-12-25 17:17:17 | INFO | fairseq_cli.interactive | Type the input sentence and press return:
src tokens inside interactive  tensor([[  13,   65,  405,   29, 4341, 1252, 3606,  786,  250, 2321,   18,   26,
         1216,  578, 5668, 1322,   18,  279,   11,   22,  578, 5668, 1322,    8,
           13,   45,  370,    7,    2,    1,    1,    1,    1]])
Traceback (most recent call last):
  File "fairseq_cli/interactive.py", line 327, in <module>
    cli_main()
  File "fairseq_cli/interactive.py", line 323, in cli_main
    distributed_utils.call_main(convert_namespace_to_omegaconf(args), main)
  File "/home/souvik/improved_leca/trial_v12/dictdis_multigpu/fairseq/fairseq/distributed/utils.py", line 369, in call_main
    main(cfg, **kwargs)
  File "fairseq_cli/interactive.py", line 237, in main
    generator, models, sample, constraints=constraints
  File "/home/souvik/improved_leca/trial_v12/dictdis_multigpu/fairseq/fairseq/tasks/fairseq_task.py", line 551, in inference_step
    models, sample, prefix_tokens=prefix_tokens, constraints=constraints
  File "/home/souvik/.conda/envs/trialv12/lib/python3.6/site-packages/torch/autograd/grad_mode.py", line 27, in decorate_context
    return func(*args, **kwargs)
  File "/home/souvik/improved_leca/trial_v12/dictdis_multigpu/fairseq/fairseq/sequence_generator.py", line 204, in generate
    return self._generate(models, sample, **kwargs) #models arg by ayush
  File "/home/souvik/improved_leca/trial_v12/dictdis_multigpu/fairseq/fairseq/sequence_generator.py", line 367, in _generate
    self.temperature,
  File "/home/souvik/improved_leca/trial_v12/dictdis_multigpu/fairseq/fairseq/sequence_generator.py", line 838, in forward_decoder
    incremental_state=incremental_states[i],
  File "/home/souvik/improved_leca/trial_v12/dictdis_multigpu/fairseq/fairseq/models/transformer/transformer_decoder.py", line 234, in forward
    alignment_heads=alignment_heads,
  File "/home/souvik/improved_leca/trial_v12/dictdis_multigpu/fairseq/fairseq/models/transformer/transformer_decoder.py", line 256, in extract_features
    alignment_heads,
  File "/home/souvik/improved_leca/trial_v12/dictdis_multigpu/fairseq/fairseq/models/transformer/transformer_decoder.py", line 308, in extract_features_scriptable
    prev_output_tokens, incremental_state=incremental_state
  File "/home/souvik/.conda/envs/trialv12/lib/python3.6/site-packages/torch/nn/modules/module.py", line 889, in _call_impl
    result = self.forward(*input, **kwargs)
  File "/home/souvik/improved_leca/trial_v12/dictdis_multigpu/fairseq/fairseq/modules/sinusoidal_positional_embedding.py", line 170, in forward
    self.weights = self.weights.to(self._float_tensor)
RuntimeError: CUDA out of memory. Tried to allocate 20.00 MiB (GPU 0; 47.54 GiB total capacity; 1.70 GiB already allocated; 7.69 MiB free; 1.78 GiB reserved in total by PyTorch)
